0 info it worked if it ends with ok
1 verbose cli [ '/usr/local/bin/node', '/usr/local/bin/npm', 'publish' ]
2 info using npm@1.4.28
3 info using node@v0.10.33
4 verbose publish [ '.' ]
5 verbose cache add [ '.', null ]
6 verbose cache add name=undefined spec="." args=[".",null]
7 verbose parsed url { protocol: null,
7 verbose parsed url   slashes: null,
7 verbose parsed url   auth: null,
7 verbose parsed url   host: null,
7 verbose parsed url   port: null,
7 verbose parsed url   hostname: null,
7 verbose parsed url   hash: null,
7 verbose parsed url   search: null,
7 verbose parsed url   query: null,
7 verbose parsed url   pathname: '.',
7 verbose parsed url   path: '.',
7 verbose parsed url   href: '.' }
8 silly lockFile 3a52ce78- .
9 verbose lock . /home/pakkapon/.npm/3a52ce78-.lock
10 verbose tar pack [ '/home/pakkapon/.npm/thaidict/0.0.1/package.tgz', '.' ]
11 verbose tarball /home/pakkapon/.npm/thaidict/0.0.1/package.tgz
12 verbose folder .
13 info prepublish thaidict@0.0.1
14 silly lockFile 1f1177db-tar tar://.
15 verbose lock tar://. /home/pakkapon/.npm/1f1177db-tar.lock
16 silly lockFile 4a2b55b0-n-npm-thaidict-0-0-1-package-tgz tar:///home/pakkapon/.npm/thaidict/0.0.1/package.tgz
17 verbose lock tar:///home/pakkapon/.npm/thaidict/0.0.1/package.tgz /home/pakkapon/.npm/4a2b55b0-n-npm-thaidict-0-0-1-package-tgz.lock
18 silly lockFile 1f1177db-tar tar://.
19 silly lockFile 1f1177db-tar tar://.
20 silly lockFile 4a2b55b0-n-npm-thaidict-0-0-1-package-tgz tar:///home/pakkapon/.npm/thaidict/0.0.1/package.tgz
21 silly lockFile 4a2b55b0-n-npm-thaidict-0-0-1-package-tgz tar:///home/pakkapon/.npm/thaidict/0.0.1/package.tgz
22 silly lockFile 02079fab-kapon-npm-thaidict-0-0-1-package /home/pakkapon/.npm/thaidict/0.0.1/package
23 verbose lock /home/pakkapon/.npm/thaidict/0.0.1/package /home/pakkapon/.npm/02079fab-kapon-npm-thaidict-0-0-1-package.lock
24 silly lockFile 02079fab-kapon-npm-thaidict-0-0-1-package /home/pakkapon/.npm/thaidict/0.0.1/package
25 silly lockFile 02079fab-kapon-npm-thaidict-0-0-1-package /home/pakkapon/.npm/thaidict/0.0.1/package
26 silly lockFile 3a52ce78- .
27 silly lockFile 3a52ce78- .
28 error addLocal Could not install .
29 error Error: EACCES, open '/home/pakkapon/.npm/thaidict/0.0.1/package/package.json'
29 error  { [Error: EACCES, open '/home/pakkapon/.npm/thaidict/0.0.1/package/package.json']
29 error   errno: 3,
29 error   code: 'EACCES',
29 error   path: '/home/pakkapon/.npm/thaidict/0.0.1/package/package.json' }
30 error Please try running this command again as root/Administrator.
31 error System Linux 3.13.0-39-generic
32 error command "/usr/local/bin/node" "/usr/local/bin/npm" "publish"
33 error cwd /home/pakkapon/github/thaidict
34 error node -v v0.10.33
35 error npm -v 1.4.28
36 error path /home/pakkapon/.npm/thaidict/0.0.1/package/package.json
37 error code EACCES
38 error errno 3
39 error stack Error: EACCES, open '/home/pakkapon/.npm/thaidict/0.0.1/package/package.json'
40 verbose exit [ 3, true ]
